Apr 24 14:01 : unable to open oss mixer "/dev/mixer"
Apr 24 14:01 : using software volume
Apr 27 11:43 : unable to open oss mixer "/dev/mixer"
Apr 27 11:43 : using software volume
Apr 28 11:12 : unable to open oss mixer "/dev/mixer"
Apr 28 11:12 : using software volume
Apr 30 12:38 : unable to open oss mixer "/dev/mixer"
Apr 30 12:38 : using software volume
May 05 10:13 : unable to open oss mixer "/dev/mixer"
May 05 10:13 : using software volume
May 06 12:15 : unable to open oss mixer "/dev/mixer"
May 06 12:15 : using software volume
May 06 15:03 : unable to open oss mixer "/dev/mixer"
May 06 15:03 : using software volume
May 07 11:50 : unable to open oss mixer "/dev/mixer"
May 07 11:50 : using software volume
May 08 11:56 : unable to open oss mixer "/dev/mixer"
May 08 11:56 : using software volume
May 11 10:37 : unable to open oss mixer "/dev/mixer"
May 11 10:37 : using software volume
May 12 13:38 : unable to open oss mixer "/dev/mixer"
May 12 13:38 : using software volume
May 13 11:18 : unable to open oss mixer "/dev/mixer"
May 13 11:18 : using software volume
May 14 11:40 : unable to open oss mixer "/dev/mixer"
May 14 11:40 : using software volume
May 15 11:55 : unable to open oss mixer "/dev/mixer"
May 15 11:55 : using software volume
May 18 11:20 : unable to open oss mixer "/dev/mixer"
May 18 11:20 : using software volume
May 20 11:51 : unable to open oss mixer "/dev/mixer"
May 20 11:51 : using software volume
May 22 14:06 : unable to open oss mixer "/dev/mixer"
May 22 14:06 : using software volume
May 25 11:12 : unable to open oss mixer "/dev/mixer"
May 25 11:12 : using software volume
Jun 02 11:32 : unable to open oss mixer "/dev/mixer"
Jun 02 11:32 : using software volume
Jun 29 13:36 : unable to open oss mixer "/dev/mixer"
Jun 29 13:36 : using software volume
